#
# A fatal error has been detected by the Java Runtime Environment:
#
#  EXCEPTION_ACCESS_VIOLATION (0xc0000005) at pc=0x0000000180005b6b, pid=25624, tid=29056
#
# JRE version: Java(TM) SE Runtime Environment (8.0_91-b15) (build 1.8.0_91-b15)
# Java VM: Java HotSpot(TM) 64-Bit Server VM (25.91-b15 mixed mode windows-amd64 compressed oops)
# Problematic frame:
# C  [rxtxSerial.dll+0x5b6b]
#
# Failed to write core dump. Minidumps are not enabled by default on client versions of Windows
#
# If you would like to submit a bug report, please visit:
#   http://bugreport.java.com/bugreport/crash.jsp
# The crash happened outside the Java Virtual Machine in native code.
# See problematic frame for where to report the bug.
#

---------------  T H R E A D  ---------------

Current thread (0x000000005a311000):  JavaThread "Thread-1" [_thread_in_native, id=29056, stack(0x000000005ce20000,0x000000005cf20000)]

siginfo: ExceptionCode=0xc0000005, writing address 0x000000005cdeeec8

Registers:
RAX=0x00000000ffffffff, RBX=0x0000000000000000, RCX=0x0000000000000000, RDX=0x0000000000000000
RSP=0x000000005cf1f1d0, RBP=0x00000000ffffffff, RSI=0x0000000000000005, RDI=0x0000000000000001
R8 =0x000007fffff82000, R9 =0x0000000180000000, R10=0x0000000000000000, R11=0x0000000000000200
R12=0x000000005cdeeec0, R13=0x0000000000000001, R14=0x0000000000000000, R15=0x0000000000000000
RIP=0x0000000180005b6b, EFLAGS=0x0000000000010286

Top of Stack: (sp=0x000000005cf1f1d0)
0x000000005cf1f1d0:   0000000000000000 0000000000000000
0x000000005cf1f1e0:   0000000000000000 0000000000000000
0x000000005cf1f1f0:   000000005a311000 0000000000000000
0x000000005cf1f200:   000000005cf1f3f0 000000005cf1f300
0x000000005cf1f210:   ffffffffffffffff 0000000000000001
0x000000005cf1f220:   000000005a4381b8 0000000180005f3f
0x000000005cf1f230:   000000005a3111f8 000000005a3111f8
0x000000005cf1f240:   0000000000000001 000000005cf1f260
0x000000005cf1f250:   0000000000000001 00000000ffffffff
0x000000005cf1f260:   0000000056c838a3 000000005cf1f300
0x000000005cf1f270:   0000000056c83c10 0000000000000000
0x000000005cf1f280:   0000000056c838b0 0000000000000000
0x000000005cf1f290:   000000005cf1f2a8 000000005cf1f300
0x000000005cf1f2a0:   0000000002688331 00000000d5f5c208
0x000000005cf1f2b0:   0000d84ed6037df3 0000000000000000
0x000000005cf1f2c0:   0000000000000000 0000000016bcb810 

Instructions: (pc=0x0000000180005b6b)
0x0000000180005b4b:   31 00 00 85 c0 78 33 74 06 03 d8 2b f8 eb 0a b9
0x0000000180005b5b:   e8 03 00 00 e8 1c 1c 00 00 41 3b dd 7c b7 8b c3
0x0000000180005b6b:   45 89 74 24 08 48 8b 5c 24 60 48 83 c4 20 41 5f
0x0000000180005b7b:   41 5e 41 5d 41 5c 5f 5e 5d c3 e8 1e 61 00 00 83 


Register to memory mapping:

RAX=0x00000000ffffffff is an unallocated location in the heap
RBX=0x0000000000000000 is an unknown value
RCX=0x0000000000000000 is an unknown value
RDX=0x0000000000000000 is an unknown value
RSP=0x000000005cf1f1d0 is pointing into the stack for thread: 0x000000005a311000
RBP=0x00000000ffffffff is an unallocated location in the heap
RSI=0x0000000000000005 is an unknown value
RDI=0x0000000000000001 is an unknown value
R8 =0x000007fffff82000 is an unknown value
R9 =0x0000000180000000 is an unknown value
R10=0x0000000000000000 is an unknown value
R11=0x0000000000000200 is an unknown value
R12=0x000000005cdeeec0 is an unknown value
R13=0x0000000000000001 is an unknown value
R14=0x0000000000000000 is an unknown value
R15=0x0000000000000000 is an unknown value


Stack: [0x000000005ce20000,0x000000005cf20000],  sp=0x000000005cf1f1d0,  free space=1020k
Native frames: (J=compiled Java code, j=interpreted, Vv=VM code, C=native code)
C  [rxtxSerial.dll+0x5b6b]
C  [rxtxSerial.dll+0x5f3f]
C  0x00000000028757b9

Java frames: (J=compiled Java code, j=interpreted, Vv=VM code)
J 369  gnu.io.RXTXPort.readByte()I (0 bytes) @ 0x000000000287573b [0x0000000002875700+0x3b]
J 368 C1 gnu.io.RXTXPort$SerialInputStream.read()I (167 bytes) @ 0x0000000002876104 [0x0000000002875b20+0x5e4]
j  com.utils.SerialPortUtil.getPack()[B+40
j  com.powercontrol.PowerControl$3.run()V+7
j  java.lang.Thread.run()V+11
v  ~StubRoutines::call_stub

---------------  P R O C E S S  ---------------

Java Threads: ( => current thread )
  0x000000000244f800 JavaThread "DestroyJavaVM" [_thread_blocked, id=30960, stack(0x0000000002580000,0x0000000002680000)]
=>0x000000005a311000 JavaThread "Thread-1" [_thread_in_native, id=29056, stack(0x000000005ce20000,0x000000005cf20000)]
  0x000000005935b800 JavaThread "Service Thread" daemon [_thread_blocked, id=33956, stack(0x0000000059d00000,0x0000000059e00000)]
  0x0000000059317000 JavaThread "C1 CompilerThread2" daemon [_thread_blocked, id=33604, stack(0x0000000059b60000,0x0000000059c60000)]
  0x00000000592f5000 JavaThread "C2 CompilerThread1" daemon [_thread_blocked, id=35596, stack(0x0000000059a20000,0x0000000059b20000)]
  0x000000005752c000 JavaThread "C2 CompilerThread0" daemon [_thread_blocked, id=35552, stack(0x0000000059900000,0x0000000059a00000)]
  0x000000005752b000 JavaThread "Attach Listener" daemon [_thread_blocked, id=30192, stack(0x0000000058d50000,0x0000000058e50000)]
  0x00000000592e9000 JavaThread "Signal Dispatcher" daemon [_thread_blocked, id=32960, stack(0x0000000059720000,0x0000000059820000)]
  0x000000005750a800 JavaThread "Finalizer" daemon [_thread_blocked, id=28264, stack(0x00000000591d0000,0x00000000592d0000)]
  0x00000000574c1000 JavaThread "Reference Handler" daemon [_thread_blocked, id=27596, stack(0x00000000590a0000,0x00000000591a0000)]

Other Threads:
  0x00000000574bb800 VMThread [stack: 0x0000000058e80000,0x0000000058f80000] [id=39112]
  0x0000000059396000 WatcherThread [stack: 0x0000000059f80000,0x000000005a080000] [id=38296]

VM state:not at safepoint (normal execution)

VM Mutex/Monitor currently owned by a thread: None

Heap:
 PSYoungGen      total 38400K, used 13335K [0x00000000d5f00000, 0x00000000d8980000, 0x0000000100000000)
  eden space 33280K, 40% used [0x00000000d5f00000,0x00000000d6c05db0,0x00000000d7f80000)
  from space 5120K, 0% used [0x00000000d8480000,0x00000000d8480000,0x00000000d8980000)
  to   space 5120K, 0% used [0x00000000d7f80000,0x00000000d7f80000,0x00000000d8480000)
 ParOldGen       total 87552K, used 0K [0x0000000081c00000, 0x0000000087180000, 0x00000000d5f00000)
  object space 87552K, 0% used [0x0000000081c00000,0x0000000081c00000,0x0000000087180000)
 Metaspace       used 6208K, capacity 6366K, committed 6656K, reserved 1056768K
  class space    used 625K, capacity 653K, committed 768K, reserved 1048576K

Card table byte_map: [0x0000000011a40000,0x0000000011e40000] byte_map_base: 0x0000000011632000

Marking Bits: (ParMarkBitMap*) 0x0000000058422f70
 Begin Bits: [0x0000000012810000, 0x00000000147a0000)
 End Bits:   [0x00000000147a0000, 0x0000000016730000)

Polling page: 0x0000000000230000

CodeCache: size=245760Kb used=2167Kb max_used=2167Kb free=243592Kb
 bounds [0x0000000002680000, 0x00000000028f0000, 0x0000000011680000]
 total_blobs=870 nmethods=442 adapters=341
 compilation: enabled

Compilation events (10 events):
Event: 34.129 Thread 0x0000000059317000  438  s    3       java.io.BufferedOutputStream::write (67 bytes)
Event: 34.130 Thread 0x0000000059317000 nmethod 438 0x0000000002896b10 code [0x0000000002896ce0, 0x0000000002897518]
Event: 34.444 Thread 0x0000000059317000  441   !   3       java.io.BufferedWriter::write (117 bytes)
Event: 34.446 Thread 0x0000000059317000 nmethod 441 0x000000000289a4d0 code [0x000000000289a6a0, 0x000000000289ade8]
Event: 34.446 Thread 0x0000000059317000  442       3       java.nio.Buffer::<init> (121 bytes)
Event: 34.447 Thread 0x0000000059317000 nmethod 442 0x000000000289b250 code [0x000000000289b520, 0x000000000289c968]
Event: 34.447 Thread 0x0000000059317000  440       3       java.io.Writer::write (11 bytes)
Event: 34.447 Thread 0x0000000059317000 nmethod 440 0x000000000289d2d0 code [0x000000000289d440, 0x000000000289d748]
Event: 39.844 Thread 0x0000000059317000  443   !   3       java.nio.charset.CharsetEncoder::encode (285 bytes)
Event: 39.847 Thread 0x0000000059317000 nmethod 443 0x000000000289d890 code [0x000000000289db60, 0x000000000289f0f8]

GC Heap History (0 events):
No events

Deoptimization events (0 events):
No events

Internal exceptions (8 events):
Event: 0.063 Thread 0x000000000244f800 Exception <a 'java/lang/NoSuchMethodError': Method sun.misc.Unsafe.defineClass(Ljava/lang/String;[BII)Ljava/lang/Class; name or signature does not match> (0x00000000d5f07cc0) thrown at [C:\re\workspace\8-2-build-windows-amd64-cygwin\jdk8u91\7017\hotspot\srëg&’f°?
Event: 0.063 Thread 0x000000000244f800 Exception <a 'java/lang/NoSuchMethodError': Method sun.misc.Unsafe.prefetchRead(Ljava/lang/Object;J)V name or signature does not match> (0x00000000d5f07fa8) thrown at [C:\re\workspace\8-2-build-windows-amd64-cygwin\jdk8u91\7017\hotspot\src\share\vm\prims\jK;>™s)Ô?
Event: 0.315 Thread 0x000000000244f800 Exception <a 'java/io/FileNotFoundException'> (0x00000000d687c840) thrown at [C:\re\workspace\8-2-build-windows-amd64-cygwin\jdk8u91\7017\hotspot\src\share\vm\prims\jni.cpp, line 709]
Event: 0.479 Thread 0x000000000244f800 Exception <a 'java/io/FileNotFoundException'> (0x00000000d6892e30) thrown at [C:\re\workspace\8-2-build-windows-amd64-cygwin\jdk8u91\7017\hotspot\src\share\vm\prims\jni.cpp, line 709]
Event: 0.482 Thread 0x000000000244f800 Exception <a 'java/io/FileNotFoundException'> (0x00000000d68a2f78) thrown at [C:\re\workspace\8-2-build-windows-amd64-cygwin\jdk8u91\7017\hotspot\src\share\vm\prims\jni.cpp, line 709]
Event: 0.642 Thread 0x000000000244f800 Exception <a 'java/io/FileNotFoundException'> (0x00000000d68b8f58) thrown at [C:\re\workspace\8-2-build-windows-amd64-cygwin\jdk8u91\7017\hotspot\src\share\vm\prims\jni.cpp, line 709]
Event: 0.656 Thread 0x000000000244f800 Exception <a 'java/io/FileNotFoundException'> (0x00000000d68d07d0) thrown at [C:\re\workspace\8-2-build-windows-amd64-cygwin\jdk8u91\7017\hotspot\src\share\vm\prims\jni.cpp, line 709]
Event: 0.818 Thread 0x000000000244f800 Exception <a 'java/io/FileNotFoundException'> (0x00000000d68e67b0) thrown at [C:\re\workspace\8-2-build-windows-amd64-cygwin\jdk8u91\7017\hotspot\src\share\vm\prims\jni.cpp, line 709]

Events (10 events):
Event: 0.918 loading class org/eclipse/swt/graphics/Rectangle done
Event: 0.919 loading class org/eclipse/swt/internal/win32/PAINTSTRUCT
Event: 0.919 loading class org/eclipse/swt/internal/win32/PAINTSTRUCT done
Event: 4.197 Executing VM operation: EnableBiasedLocking
Event: 4.197 Executing VM operation: EnableBiasedLocking done
Event: 33.983 loading class org/eclipse/swt/internal/win32/POINT
Event: 33.983 loading class org/eclipse/swt/internal/win32/POINT done
Event: 43.632 Thread 0x000000005a30e000 Thread exited: 0x000000005a30e000
Event: 43.643 Thread 0x000000000244f800 Thread exited: 0x000000000244f800
Event: 43.643 Thread 0x000000000244f800 Thread added: 0x000000000244f800


Dynamic libraries:
0x000000013fe70000 - 0x000000013fea7000 	D:\Program Files\Java\jre1.8.0_91\bin\javaw.exe
0x0000000077660000 - 0x000000007780a000 	C:\windows\SYSTEM32\ntdll.dll
0x0000000077540000 - 0x000000007765f000 	C:\windows\system32\kernel32.dll
0x000007fefd4e0000 - 0x000007fefd54a000 	C:\windows\system32\KERNELBASE.dll
0x000007fefeef0000 - 0x000007fefefcb000 	C:\windows\system32\ADVAPI32.dll
0x000007feff500000 - 0x000007feff59f000 	C:\windows\system32\msvcrt.dll
0x000007fefefd0000 - 0x000007fefefef000 	C:\windows\SYSTEM32\sechost.dll
0x000007fefdad0000 - 0x000007fefdbfd000 	C:\windows\system32\RPCRT4.dll
0x0000000077440000 - 0x000000007753a000 	C:\windows\system32\USER32.dll
0x000007fefda50000 - 0x000007fefdab7000 	C:\windows\system32\GDI32.dll
0x000007feff8c0000 - 0x000007feff8ce000 	C:\windows\system32\LPK.dll
0x000007feff5f0000 - 0x000007feff6ba000 	C:\windows\system32\USP10.dll
0x000007fefbec0000 - 0x000007fefc0b4000 	C:\windows\WinSxS\amd64_microsoft.windows.common-controls_6595b64144ccf1df_6.0.7601.18837_none_fa3b1e3d17594757\COMCTL32.dll
0x000007fefeff0000 - 0x000007feff061000 	C:\windows\system32\SHLWAPI.dll
0x000007fefdeb0000 - 0x000007fefdede000 	C:\windows\system32\IMM32.DLL
0x000007fefede0000 - 0x000007fefeee9000 	C:\windows\system32\MSCTF.dll
0x000000005d7b0000 - 0x000000005d882000 	D:\Program Files\Java\jre1.8.0_91\bin\msvcr100.dll
0x0000000057c10000 - 0x00000000584a3000 	D:\Program Files\Java\jre1.8.0_91\bin\server\jvm.dll
0x000007fef76d0000 - 0x000007fef76d9000 	C:\windows\system32\WSOCK32.dll
0x000007feff5a0000 - 0x000007feff5ed000 	C:\windows\system32\WS2_32.dll
0x000007fefdac0000 - 0x000007fefdac8000 	C:\windows\system32\NSI.dll
0x000007fefb2f0000 - 0x000007fefb32b000 	C:\windows\system32\WINMM.dll
0x000007fefc580000 - 0x000007fefc58c000 	C:\windows\system32\VERSION.dll
0x0000000077830000 - 0x0000000077837000 	C:\windows\system32\PSAPI.DLL
0x0000000065480000 - 0x000000006548f000 	D:\Program Files\Java\jre1.8.0_91\bin\verify.dll
0x000000005d940000 - 0x000000005d969000 	D:\Program Files\Java\jre1.8.0_91\bin\java.dll
0x000000005d920000 - 0x000000005d936000 	D:\Program Files\Java\jre1.8.0_91\bin\zip.dll
0x000007fefe050000 - 0x000007fefedda000 	C:\windows\system32\SHELL32.dll
0x000007feff6c0000 - 0x000007feff8bc000 	C:\windows\system32\ole32.dll
0x000007fefd4c0000 - 0x000007fefd4cf000 	C:\windows\system32\profapi.dll
0x00000000120f0000 - 0x0000000012197000 	D:\Users\uidq0460\.swt\lib\win32\x86_64\swt-win32-4628.dll
0x000007feff380000 - 0x000007feff45a000 	C:\windows\system32\OLEAUT32.dll
0x000007feff460000 - 0x000007feff4f7000 	C:\windows\system32\comdlg32.dll
0x000007fef83c0000 - 0x000007fef8431000 	C:\windows\system32\WINSPOOL.DRV
0x000007feff150000 - 0x000007feff37c000 	C:\windows\system32\WININET.dll
0x000007fefd4d0000 - 0x000007fefd4d4000 	C:\windows\system32\api-ms-win-downlevel-user32-l1-1-0.dll
0x000007fefd750000 - 0x000007fefd755000 	C:\windows\system32\api-ms-win-downlevel-advapi32-l1-1-0.dll
0x000007fefd740000 - 0x000007fefd744000 	C:\windows\system32\api-ms-win-downlevel-shlwapi-l1-1-0.dll
0x000007fefd800000 - 0x000007fefd804000 	C:\windows\system32\api-ms-win-downlevel-version-l1-1-0.dll
0x000007fefd820000 - 0x000007fefd823000 	C:\windows\system32\api-ms-win-downlevel-normaliz-l1-1-0.dll
0x0000000077820000 - 0x0000000077823000 	C:\windows\system32\normaliz.DLL
0x000007fefdc00000 - 0x000007fefde8e000 	C:\windows\system32\iertutil.dll
0x000007fefd720000 - 0x000007fefd73e000 	C:\windows\system32\USERENV.dll
0x000007fefd590000 - 0x000007fefd6fd000 	C:\windows\system32\CRYPT32.dll
0x000007fefd4b0000 - 0x000007fefd4bf000 	C:\windows\system32\MSASN1.dll
0x000007fefbe60000 - 0x000007fefbeb6000 	C:\windows\system32\uxtheme.dll
0x000007fefd2b0000 - 0x000007fefd307000 	C:\windows\system32\apphelp.dll
0x000007fef4f30000 - 0x000007fef5444000 	C:\windows\system32\SOGOUPY.IME
0x000007fefb030000 - 0x000007fefb037000 	C:\windows\system32\MSIMG32.dll
0x000007fefc550000 - 0x000007fefc57d000 	C:\windows\system32\ntmarta.dll
0x000007feff070000 - 0x000007feff0c2000 	C:\windows\system32\WLDAP32.dll
0x000007fefba00000 - 0x000007fefba18000 	C:\windows\system32\dwmapi.dll
0x000007fefd310000 - 0x000007fefd31f000 	C:\windows\system32\CRYPTBASE.dll
0x0000000180000000 - 0x0000000180025000 	D:\Program Files\Java\jre1.8.0_91\bin\rxtxSerial.dll
0x000007fef7e30000 - 0x000007fef7f55000 	C:\windows\system32\dbghelp.dll

VM Arguments:
jvm_args: -Dfile.encoding=UTF-8 
java_command: com.powercontrol.PowerControl
java_class_path (initial): D:\android\myworkspace\PowerControl\bin;D:\android\myworkspace\jartools\swt\org.eclipse.swt.win32.win32.x86_64_3.105.2.v20161122-0613.jar;D:\android\myworkspace\jartools\swt\src.zip;D:\android\myworkspace\jartools\mfz-rxtx-2.2-20081207-win-x64\RXTXcomm.jar
Launcher Type: SUN_STANDARD

Environment Variables:
JAVA_HOME=D:\Program Files\Java\jdk1.8.0_131
CLASSPATH=.;D:\Program Files\Java\jdk1.8.0_131\lib;D:\Program Files\Java\jdk1.8.0_131\lib\tools.jar;D:\apache-ant-1.9.7\lib;
PATH=d:/Program Files/Java/jre1.8.0_131/bin/server;d:/Program Files/Java/jre1.8.0_131/bin;d:/Program Files/Java/jre1.8.0_131/lib/amd64;C:\ProgramData\Oracle\Java\javapath;D:\Python27\;D:\Python27\Scripts;C:\windows\system32;C:\windows;C:\windows\System32\Wbem;C:\windows\System32\WindowsPowerShell\v1.0\;C:\Program Files (x86)\IVI Foundation\VISA\WinNT\Bin\;C:\Program Files\IVI Foundation\VISA\Win64\Bin\;C:\Program Files (x86)\IVI Foundation\VISA\WinNT\Bin;C:\Program Files (x86)\IVI Foundation\IVI\bin;C:\Program Files\IVI Foundation\IVI\bin;D:\apache-ant-1.9.7\bin;C:\Program Files (x86)\WebEx\Productivity Tools;D:\Program Files\Java\jdk1.8.0_131\bin;D:\Program Files\Java\jdk1.8.0_131\jre\bin;D:\TSRunner\python27;D:\android\android-sdk-windows\tools;D:\android\android-sdk-windows\platform-tools;D:\android\android-sdk-windows\build-tools\19.1.0;D:\Program Files\Android\Android Studio\gradle\gradle-3.3\bin;D:\android\Appium\node_modules\.bin;D:\android\Appium;D:\android\Git\cmd;D:\android\apache-tomcat-8.5.14\bin;;D:\android\eclipse;
USERNAME=uidq0460
OS=Windows_NT
PROCESSOR_IDENTIFIER=Intel64 Family 6 Model 94 Stepping 3, GenuineIntel



---------------  S Y S T E M  ---------------

OS: Windows 7 , 64 bit Build 7601 (6.1.7601.23796)

CPU:total 4 (4 cores per cpu, 1 threads per core) family 6 model 94 stepping 3, cmov, cx8, fxsr, mmx, sse, sse2, sse3, ssse3, sse4.1, sse4.2, popcnt, avx, avx2, aes, clmul, erms, rtm, 3dnowpref, lzcnt, tsc, tscinvbit, bmi1, bmi2, adx

Memory: 4k page, physical 8268208k(4022948k free), swap 18631708k(14150656k free)

vm_info: Java HotSpot(TM) 64-Bit Server VM (25.91-b15) for windows-amd64 JRE (1.8.0_91-b15), built on May 20 2016 17:43:15 by "java_re" with MS VC++ 10.0 (VS2010)

time: Mon May 29 13:48:59 2017
elapsed time: 43 seconds (0d 0h 0m 43s)

